EDA Netlist Writer report for g05_lab2
Thu Oct 08 15:03:49 2015
Quartus II 64-Bit Version 13.0.1 Build 232 06/12/2013 Service Pack 1 SJ Full Version


---------------------
; Table of Contents ;
---------------------
  1. Legal Notice
  2. EDA Netlist Writer Summary
  3. EDA Netlist Writer Messages



----------------
; Legal Notice ;
----------------
Copyright (C) 1991-2013 Altera Corporation
Your use of Altera Corporation's design tools, logic functions 
and other software and tools, and its AMPP partner logic 
functions, and any output files from any of the foregoing 
(including device programming or simulation files), and any 
associated documentation or information are expressly subject 
to the terms and conditions of the Altera Program License 
Subscription Agreement, Altera MegaCore Function License 
Agreement, or other applicable license agreement, including, 
without limitation, that your use is for the sole purpose of 
programming logic devices manufactured by Altera and sold by 
Altera or its authorized distributors.  Please refer to the 
applicable agreement for further details.



+-------------------------------------------------------------------+
; EDA Netlist Writer Summary                                        ;
+---------------------------+---------------------------------------+
; EDA Netlist Writer Status ; Successful - Thu Oct 08 15:03:49 2015 ;
; Revision Name             ; g05_lab2                              ;
; Top-level Entity Name     ; g05_minimum3                          ;
; Family                    ; Cyclone II                            ;
+---------------------------+---------------------------------------+


+-----------------------------+
; EDA Netlist Writer Messages ;
+-----------------------------+
Info: *******************************************************************
Info: Running Quartus II 64-Bit EDA Netlist Writer
    Info: Version 13.0.1 Build 232 06/12/2013 Service Pack 1 SJ Full Version
    Info: Processing started: Thu Oct 08 15:03:45 2015
Info: Command: quartus_eda --read_settings_files=on --write_settings_files=off g05_lab2 -c g05_lab2 --gen_testbench
Info (119006): Selected device EP2C20F484C7 for design "g05_lab2"
Info (201002): Generated VHDL Test Bench File P:/DSD/LAB2/simulation/modelsim/g05_minimum3.vht for simulation
Info: Quartus II 64-Bit EDA Netlist Writer was successful. 0 errors, 0 warnings
    Info: Peak virtual memory: 400 megabytes
    Info: Processing ended: Thu Oct 08 15:03:49 2015
    Info: Elapsed time: 00:00:04
    Info: Total CPU time (on all processors): 00:00:00


